0 info it worked if it ends with ok
1 verbose cli [ 'C:\\Program Files\\nodejs\\node.exe',
1 verbose cli   'C:\\Program Files\\nodejs\\node_modules\\npm\\bin\\npm-cli.js',
1 verbose cli   'run',
1 verbose cli   'instalint',
1 verbose cli   '--investigations/reactive-vanilla.js' ]
2 info using npm@3.10.3
3 info using node@v6.6.0
4 verbose run-script [ 'preinstalint', 'instalint', 'postinstalint' ]
5 info lifecycle instapage@0.0.1~preinstalint: instapage@0.0.1
6 silly lifecycle instapage@0.0.1~preinstalint: no script for preinstalint, continuing
7 info lifecycle instapage@0.0.1~instalint: instapage@0.0.1
8 verbose lifecycle instapage@0.0.1~instalint: unsafe-perm in lifecycle true
9 verbose lifecycle instapage@0.0.1~instalint: PATH: C:\Program Files\nodejs\node_modules\npm\bin\node-gyp-bin;C:\Users\Zach Overhulser\Projects\instapage\node_modules\.bin;C:\Program Files\nodejs;C:\Users\Zach Overhulser\bin;C:\Program Files\Git\mingw64\bin;C:\Program Files\Git\usr\local\bin;C:\Program Files\Git\usr\bin;C:\Program Files\Git\usr\bin;C:\Program Files\Git\mingw64\bin;C:\Program Files\Git\usr\bin;C:\Users\Zach Overhulser\bin;C:\Windows\system32;C:\Windows;C:\Windows\System32\Wbem;C:\Windows\System32\WindowsPowerShell\v1.0;C:\Program Files\Hewlett-Packard\SimplePass;C:\Program Files (x86)\ATI Technologies\ATI.ACE\Core-Static;C:\Windows\system32\config\systemprofile\.dnx\bin;C:\Program Files\Microsoft DNX\Dnvm;C:\Program Files\Microsoft SQL Server\130\Tools\Binn;C:\HashiCorp\Vagrant\bin;C:\Users\Zach\AppData\Roaming\nvm;C:\Program Files (x86)\Heroku\bin;C:\Program Files (x86)\git\cmd;C:\Program Files (x86)\Git\cmd;C:\Program Files\nvm;C:\Program Files\nodejs;C:\Program Files\nodejs;C:\Program Files (x86)\Skype\Phone;C:\Program Files (x86)\Brackets\command;C:\Users\Zach Overhulser\AppData\Local\Programs\Python\Python36\Scripts;C:\Users\Zach Overhulser\AppData\Local\Programs\Python\Python36;C:\Ruby23\bin;C:\Users\Zach Overhulser\AppData\Roaming\npm;C:\Program Files\MongoDB\Server\3.2\bin;C:\Users\Zach Overhulser\AppData\Local\atom\bin;C:\Program Files (x86)\Microsoft VS Code\bin;C:\Program Files\Git\usr\bin\vendor_perl;C:\Program Files\Git\usr\bin\core_perl
10 verbose lifecycle instapage@0.0.1~instalint: CWD: C:\Users\Zach Overhulser\Projects\instapage
11 silly lifecycle instapage@0.0.1~instalint: Args: [ '/d /s /c', 'jslint' ]
12 silly lifecycle instapage@0.0.1~instalint: Returned: code: 1  signal: null
13 info lifecycle instapage@0.0.1~instalint: Failed to exec instalint script
14 verbose stack Error: instapage@0.0.1 instalint: `jslint`
14 verbose stack Exit status 1
14 verbose stack     at EventEmitter.<anonymous> (C:\Program Files\nodejs\node_modules\npm\lib\utils\lifecycle.js:242:16)
14 verbose stack     at emitTwo (events.js:106:13)
14 verbose stack     at EventEmitter.emit (events.js:191:7)
14 verbose stack     at ChildProcess.<anonymous> (C:\Program Files\nodejs\node_modules\npm\lib\utils\spawn.js:40:14)
14 verbose stack     at emitTwo (events.js:106:13)
14 verbose stack     at ChildProcess.emit (events.js:191:7)
14 verbose stack     at maybeClose (internal/child_process.js:877:16)
14 verbose stack     at Process.ChildProcess._handle.onexit (internal/child_process.js:226:5)
15 verbose pkgid instapage@0.0.1
16 verbose cwd C:\Users\Zach Overhulser\Projects\instapage\investigations
17 error Windows_NT 6.3.9600
18 error argv "C:\\Program Files\\nodejs\\node.exe" "C:\\Program Files\\nodejs\\node_modules\\npm\\bin\\npm-cli.js" "run" "instalint" "--investigations/reactive-vanilla.js"
19 error node v6.6.0
20 error npm  v3.10.3
21 error code ELIFECYCLE
22 error instapage@0.0.1 instalint: `jslint`
22 error Exit status 1
23 error Failed at the instapage@0.0.1 instalint script 'jslint'.
23 error Make sure you have the latest version of node.js and npm installed.
23 error If you do, this is most likely a problem with the instapage package,
23 error not with npm itself.
23 error Tell the author that this fails on your system:
23 error     jslint
23 error You can get information on how to open an issue for this project with:
23 error     npm bugs instapage
23 error Or if that isn't available, you can get their info via:
23 error     npm owner ls instapage
23 error There is likely additional logging output above.
24 verbose exit [ 1, true ]
